#
# There is insufficient memory for the Java Runtime Environment to continue.
# Native memory allocation (mmap) failed to map 65536 bytes for Failed to commit metaspace.
# Possible reasons:
#   The system is out of physical RAM or swap space
#   The process is running with CompressedOops enabled, and the Java Heap may be blocking the growth of the native heap
# Possible solutions:
#   Reduce memory load on the system
#   Increase physical memory or swap space
#   Check if swap backing store is full
#   Decrease Java heap size (-Xmx/-Xms)
#   Decrease number of Java threads
#   Decrease Java thread stack sizes (-Xss)
#   Set larger code cache with -XX:ReservedCodeCacheSize=
#   JVM is running with Unscaled Compressed Oops mode in which the Java heap is
#     placed in the first 4GB address space. The Java Heap base address is the
#     maximum limit for the native heap growth. Please use -XX:HeapBaseMinAddress
#     to set the Java Heap base and to place the Java Heap above 4GB virtual address.
# This output file may be truncated or incomplete.
#
#  Out of Memory Error (virtualSpaceNode.cpp:110), pid=5380, tid=20260
#
# JRE version: Java(TM) SE Runtime Environment (17.0.4.1+1) (build 17.0.4.1+1-LTS-2)
# Java VM: Java HotSpot(TM) 64-Bit Server VM (17.0.4.1+1-LTS-2, mixed mode, sharing, tiered, compressed oops, compressed class ptrs, g1 gc, windows-amd64)
# No core dump will be written. Minidumps are not enabled by default on client versions of Windows
#

---------------  S U M M A R Y ------------

Command Line: -Dapplication.home=C:\Program Files\Java\jdk-17.0.4.1 --add-modules=ALL-DEFAULT -Xms8m -Djdk.module.main=jdk.compiler jdk.compiler/com.sun.tools.javac.Main @C:\Users\Jhonder\AppData\Local\Temp\files11152472440741268181

Host: Intel(R) Core(TM) i7-7500U CPU @ 2.70GHz, 4 cores, 3G,  Windows 10 , 64 bit Build 19041 (10.0.19041.804)
Time: Fri Jun  2 23:05:34 2023 Hora est. Pacífico, Sudamérica elapsed time: 1.095770 seconds (0d 0h 0m 1s)

---------------  T H R E A D  ---------------

Current thread (0x00000256a90522e0):  JavaThread "C1 CompilerThread0" daemon [_thread_in_vm, id=20260, stack(0x000000e02e400000,0x000000e02e500000)]


Current CompileTask:
C1:   1095  822       3       java.lang.invoke.MethodHandles$Lookup::checkAccess (232 bytes)

Stack: [0x000000e02e400000,0x000000e02e500000]
Native frames: (J=compiled Java code, j=interpreted, Vv=VM code, C=native code)
V  [jvm.dll+0x6723ba]
V  [jvm.dll+0x7d1e34]
V  [jvm.dll+0x7d35de]
V  [jvm.dll+0x7d3c43]
V  [jvm.dll+0x243065]
V  [jvm.dll+0x7cdddb]
V  [jvm.dll+0x618166]
V  [jvm.dll+0x6181ca]
V  [jvm.dll+0x61a9da]
V  [jvm.dll+0x618b06]
V  [jvm.dll+0x629c7a]
V  [jvm.dll+0x622a8a]
V  [jvm.dll+0x1ca800]
V  [jvm.dll+0x1ca9ef]
V  [jvm.dll+0x1448b1]
V  [jvm.dll+0x1446f5]
V  [jvm.dll+0x13bf7e]
V  [jvm.dll+0x13e535]
V  [jvm.dll+0x13c814]
V  [jvm.dll+0x1367af]
V  [jvm.dll+0x146326]
V  [jvm.dll+0x131ea0]
V  [jvm.dll+0x132200]
V  [jvm.dll+0x1324c6]
V  [jvm.dll+0x13195a]
V  [jvm.dll+0x133621]
V  [jvm.dll+0x224e08]
V  [jvm.dll+0x222f75]
V  [jvm.dll+0x787a0b]
V  [jvm.dll+0x781fca]
V  [jvm.dll+0x671245]
C  [ucrtbase.dll+0x21bb2]
C  [KERNEL32.DLL+0x17034]
C  [ntdll.dll+0x4d241]


---------------  P R O C E S S  ---------------

Threads class SMR info:
_java_thread_list=0x00000256aa09a780, length=13, elements={
0x000002568e0af030, 0x000002568e177400, 0x000002568e177f80, 0x00000256a9042de0,
0x00000256a90436a0, 0x00000256a9043f60, 0x00000256a9045830, 0x00000256a9051930,
0x00000256a90522e0, 0x00000256a905d3c0, 0x00000256a903c430, 0x00000256a9c620d0,
0x00000256aa70b0e0
}

Java Threads: ( => current thread )
  0x000002568e0af030 JavaThread "main" [_thread_in_vm, id=1484, stack(0x000000e02d600000,0x000000e02d700000)]
  0x000002568e177400 JavaThread "Reference Handler" daemon [_thread_blocked, id=18716, stack(0x000000e02dd00000,0x000000e02de00000)]
  0x000002568e177f80 JavaThread "Finalizer" daemon [_thread_blocked, id=13320, stack(0x000000e02de00000,0x000000e02df00000)]
  0x00000256a9042de0 JavaThread "Signal Dispatcher" daemon [_thread_blocked, id=3404, stack(0x000000e02df00000,0x000000e02e000000)]
  0x00000256a90436a0 JavaThread "Attach Listener" daemon [_thread_blocked, id=18308, stack(0x000000e02e000000,0x000000e02e100000)]
  0x00000256a9043f60 JavaThread "Service Thread" daemon [_thread_blocked, id=18628, stack(0x000000e02e100000,0x000000e02e200000)]
  0x00000256a9045830 JavaThread "Monitor Deflation Thread" daemon [_thread_blocked, id=16820, stack(0x000000e02e200000,0x000000e02e300000)]
  0x00000256a9051930 JavaThread "C2 CompilerThread0" daemon [_thread_in_native, id=16272, stack(0x000000e02e300000,0x000000e02e400000)]
=>0x00000256a90522e0 JavaThread "C1 CompilerThread0" daemon [_thread_in_vm, id=20260, stack(0x000000e02e400000,0x000000e02e500000)]
  0x00000256a905d3c0 JavaThread "Sweeper thread" daemon [_thread_blocked, id=20116, stack(0x000000e02e500000,0x000000e02e600000)]
  0x00000256a903c430 JavaThread "Common-Cleaner" daemon [_thread_blocked, id=5456, stack(0x000000e02e600000,0x000000e02e700000)]
  0x00000256a9c620d0 JavaThread "Notification Thread" daemon [_thread_blocked, id=20432, stack(0x000000e02e700000,0x000000e02e800000)]
  0x00000256aa70b0e0 JavaThread "C2 CompilerThread1" daemon [_thread_in_native, id=18504, stack(0x000000e02ec00000,0x000000e02ed00000)]

Other Threads:
  0x000002568e1711e0 VMThread "VM Thread" [stack: 0x000000e02dc00000,0x000000e02dd00000] [id=15724]
  0x000002568e181580 WatcherThread [stack: 0x000000e02e800000,0x000000e02e900000] [id=12284]
  0x000002568e0e9340 GCTaskThread "GC Thread#0" [stack: 0x000000e02d700000,0x000000e02d800000] [id=3972]
  0x00000256a9e274e0 GCTaskThread "GC Thread#1" [stack: 0x000000e02e900000,0x000000e02ea00000] [id=11232]
  0x00000256a9f46a90 GCTaskThread "GC Thread#2" [stack: 0x000000e02ea00000,0x000000e02eb00000] [id=10504]
  0x00000256a9f46d40 GCTaskThread "GC Thread#3" [stack: 0x000000e02eb00000,0x000000e02ec00000] [id=20384]
  0x000002568e0f1610 ConcurrentGCThread "G1 Main Marker" [stack: 0x000000e02d800000,0x000000e02d900000] [id=10988]
  0x000002568e0f1e30 ConcurrentGCThread "G1 Conc#0" [stack: 0x000000e02d900000,0x000000e02da00000] [id=12912]
  0x000002568e10f8c0 ConcurrentGCThread "G1 Refine#0" [stack: 0x000000e02da00000,0x000000e02db00000] [id=4012]
  0x000002568e1100f0 ConcurrentGCThread "G1 Service" [stack: 0x000000e02db00000,0x000000e02dc00000] [id=4488]

Threads with active compile tasks:
C2 CompilerThread0     1276  762   !   4       com.sun.tools.javac.parser.JavaTokenizer::readToken (1731 bytes)
C1 CompilerThread0     1277  822       3       java.lang.invoke.MethodHandles$Lookup::checkAccess (232 bytes)
C2 CompilerThread1     1277  805       4       com.sun.tools.javac.parser.JavaTokenizer::scanIdent (639 bytes)

VM state: not at safepoint (normal execution)

VM Mutex/Monitor currently owned by a thread:  ([mutex/lock_event])
[0x000002568e0a85c0] Metaspace_lock - owner thread: 0x00000256a90522e0
[0x000002568e0ac330] MethodData_lock - owner thread: 0x00000256a90522e0

Heap address: 0x00000000c5400000, size: 940 MB, Compressed Oops mode: 32-bit

CDS archive(s) mapped at: [0x0000000800000000-0x0000000800bc0000-0x0000000800bc0000), size 12320768, SharedBaseAddress: 0x0000000800000000, ArchiveRelocationMode: 0.
Compressed class space mapped at: 0x0000000800c00000-0x0000000840c00000, reserved size: 1073741824
Narrow klass base: 0x0000000800000000, Narrow klass shift: 0, Narrow klass range: 0x100000000

GC Precious Log:
 CPUs: 4 total, 4 available
 Memory: 3753M
 Large Page Support: Disabled
 NUMA Support: Disabled
 Compressed Oops: Enabled (32-bit)
 Heap Region Size: 1M
 Heap Min Capacity: 8M
 Heap Initial Capacity: 8M
 Heap Max Capacity: 940M
 Pre-touch: Disabled
 Parallel Workers: 4
 Concurrent Workers: 1
 Concurrent Refinement Workers: 4
 Periodic GC: Disabled

Heap:
 garbage-first heap   total 10240K, used 3050K [0x00000000c5400000, 0x0000000100000000)
  region size 1024K, 2 young (2048K), 1 survivors (1024K)
 Metaspace       used 7905K, committed 8000K, reserved 1064960K
  class space    used 898K, committed 960K, reserved 1048576K

Heap Regions: E=young(eden), S=young(survivor), O=old, HS=humongous(starts), HC=humongous(continues), CS=collection set, F=free, OA=open archive, CA=closed archive, TAMS=top-at-mark-start (previous, next)
|   0|0x00000000c5400000, 0x00000000c5500000, 0x00000000c5500000|100%| O|  |TAMS 0x00000000c5400000, 0x00000000c5400000| Untracked 
|   1|0x00000000c5500000, 0x00000000c5600000, 0x00000000c5600000|100%| O|  |TAMS 0x00000000c5500000, 0x00000000c5500000| Untracked 
|   2|0x00000000c5600000, 0x00000000c5652600, 0x00000000c5700000| 32%| O|  |TAMS 0x00000000c5600000, 0x00000000c5600000| Untracked 
|   3|0x00000000c5700000, 0x00000000c5700000, 0x00000000c5800000|  0%| F|  |TAMS 0x00000000c5700000, 0x00000000c5700000| Untracked 
|   4|0x00000000c5800000, 0x00000000c5800000, 0x00000000c5900000|  0%| F|  |TAMS 0x00000000c5800000, 0x00000000c5800000| Untracked 
|   5|0x00000000c5900000, 0x00000000c5900000, 0x00000000c5a00000|  0%| F|  |TAMS 0x00000000c5900000, 0x00000000c5900000| Untracked 
|   6|0x00000000c5a00000, 0x00000000c5aa84a0, 0x00000000c5b00000| 65%| S|CS|TAMS 0x00000000c5a00000, 0x00000000c5a00000| Complete 
|   7|0x00000000c5b00000, 0x00000000c5b00000, 0x00000000c5c00000|  0%| F|  |TAMS 0x00000000c5b00000, 0x00000000c5b00000| Untracked 
|   8|0x00000000c5c00000, 0x00000000c5c00000, 0x00000000c5d00000|  0%| F|  |TAMS 0x00000000c5c00000, 0x00000000c5c00000| Untracked 
|   9|0x00000000c5d00000, 0x00000000c5d114c8, 0x00000000c5e00000|  6%| E|  |TAMS 0x00000000c5d00000, 0x00000000c5d00000| Complete 

Card table byte_map: [0x00000256a4b10000,0x00000256a4cf0000] _byte_map_base: 0x00000256a44e6000

Marking Bits (Prev, Next): (CMBitMap*) 0x000002568e0e9760, (CMBitMap*) 0x000002568e0e97a0
 Prev Bits: [0x00000256a4ed0000, 0x00000256a5d80000)
 Next Bits: [0x00000256a5d80000, 0x00000256a6c30000)

Polling page: 0x000002568d890000

Metaspace:

Usage:
  Non-class:      6.84 MB used.
      Class:    898.31 KB used.
       Both:      7.72 MB used.

Virtual space:
  Non-class space:       16.00 MB reserved,       6.88 MB ( 43%) committed,  2 nodes.
      Class space:        1.00 GB reserved,     960.00 KB ( <1%) committed,  1 nodes.
             Both:        1.02 GB reserved,       7.81 MB ( <1%) committed. 

Chunk freelists:
   Non-Class:  2.45 MB
       Class:  2.97 MB
        Both:  5.42 MB

MaxMetaspaceSize: unlimited
CompressedClassSpaceSize: 1.00 GB
Initial GC threshold: 21.00 MB
Current GC threshold: 21.00 MB
CDS: on
MetaspaceReclaimPolicy: balanced
 - commit_granule_bytes: 65536.
 - commit_granule_words: 8192.
 - virtual_space_node_default_size: 1048576.
 - enlarge_chunks_in_place: 1.
 - new_chunks_are_fully_committed: 0.
 - uncommit_free_chunks: 1.
 - use_allocation_guard: 0.
 - handle_deallocations: 1.


Internal statistics:

num_allocs_failed_limit: 0.
num_arena_births: 50.
num_arena_deaths: 0.
num_vsnodes_births: 3.
num_vsnodes_deaths: 0.
num_space_committed: 125.
num_space_uncommitted: 0.
num_chunks_returned_to_freelist: 0.
num_chunks_taken_from_freelist: 320.
num_chunk_merges: 0.
num_chunk_splits: 230.
num_chunks_enlarged: 176.
num_purges: 0.
num_inconsistent_stats: 0.

CodeHeap 'non-profiled nmethods': size=120000Kb used=242Kb max_used=242Kb free=119758Kb
 bounds [0x000002569d400000, 0x000002569d670000, 0x00000256a4930000]
CodeHeap 'profiled nmethods': size=120000Kb used=1670Kb max_used=1670Kb free=118329Kb
 bounds [0x0000025695ed0000, 0x0000025696140000, 0x000002569d400000]
CodeHeap 'non-nmethods': size=5760Kb used=1121Kb max_used=1138Kb free=4638Kb
 bounds [0x0000025695930000, 0x0000025695ba0000, 0x0000025695ed0000]
 total_blobs=1218 nmethods=815 adapters=316
 compilation: enabled
              stopped_count=0, restarted_count=0
 full_count=0

Compilation events (20 events):
Event: 1.053 Thread 0x00000256a90522e0  810       3       com.sun.tools.javac.parser.JavacParser::parseSimpleStatement (1256 bytes)
Event: 1.063 Thread 0x00000256a90522e0 nmethod 810 0x000002569605f390 code [0x0000025696060480, 0x00000256960699a8]
Event: 1.063 Thread 0x00000256a90522e0  811       3       com.sun.tools.javac.parser.JavacParser::arguments (109 bytes)
Event: 1.065 Thread 0x00000256a90522e0 nmethod 811 0x000002569606d190 code [0x000002569606d4c0, 0x000002569606e4c8]
Event: 1.065 Thread 0x00000256a90522e0  814       3       com.sun.tools.javac.tree.JCTree$JCVariableDecl::<init> (43 bytes)
Event: 1.065 Thread 0x00000256a90522e0 nmethod 814 0x000002569606eb90 code [0x000002569606ed40, 0x000002569606f158]
Event: 1.065 Thread 0x00000256a90522e0  815       1       com.sun.tools.javac.tree.JCTree$JCOperatorExpression::getTag (5 bytes)
Event: 1.065 Thread 0x00000256a90522e0 nmethod 815 0x000002569d43ba10 code [0x000002569d43bba0, 0x000002569d43bc78]
Event: 1.065 Thread 0x00000256a90522e0  812       3       com.sun.tools.javac.file.PathFileObject::hashCode (10 bytes)
Event: 1.066 Thread 0x00000256a90522e0 nmethod 812 0x000002569606f290 code [0x000002569606f440, 0x000002569606f608]
Event: 1.071 Thread 0x00000256a90522e0  816       3       com.sun.tools.javac.tree.TreeInfo::opPrec (361 bytes)
Event: 1.072 Thread 0x00000256a90522e0 nmethod 816 0x000002569606f710 code [0x000002569606f940, 0x0000025696070488]
Event: 1.073 Thread 0x00000256a90522e0  817       3       com.sun.tools.javac.tree.TreeMaker::Literal (20 bytes)
Event: 1.073 Thread 0x00000256a90522e0 nmethod 817 0x0000025696070610 code [0x00000256960707e0, 0x0000025696070bf8]
Event: 1.073 Thread 0x00000256a90522e0  818       3       com.sun.tools.javac.tree.JCTree$JCLiteral::<init> (15 bytes)
Event: 1.074 Thread 0x00000256a90522e0 nmethod 818 0x0000025696070d90 code [0x0000025696070f40, 0x0000025696071278]
Event: 1.087 Thread 0x00000256aa70b0e0  813       4       com.sun.tools.javac.util.Convert::utf2chars (135 bytes)
Event: 1.089 Thread 0x00000256a90522e0  821       3       java.lang.invoke.MethodHandleNatives::refKindIsMethod (19 bytes)
Event: 1.089 Thread 0x00000256a90522e0 nmethod 821 0x0000025696071390 code [0x0000025696071540, 0x0000025696071798]
Event: 1.089 Thread 0x00000256a90522e0  822       3       java.lang.invoke.MethodHandles$Lookup::checkAccess (232 bytes)

GC Heap History (12 events):
Event: 0.386 GC heap before
{Heap before GC invocations=0 (full 0):
 garbage-first heap   total 8192K, used 3072K [0x00000000c5400000, 0x0000000100000000)
  region size 1024K, 3 young (3072K), 0 survivors (0K)
 Metaspace       used 2578K, committed 2752K, reserved 1056768K
  class space    used 298K, committed 384K, reserved 1048576K
}
Event: 0.390 GC heap after
{Heap after GC invocations=1 (full 0):
 garbage-first heap   total 8192K, used 1333K [0x00000000c5400000, 0x0000000100000000)
  region size 1024K, 1 young (1024K), 1 survivors (1024K)
 Metaspace       used 2578K, committed 2752K, reserved 1056768K
  class space    used 298K, committed 384K, reserved 1048576K
}
Event: 0.538 GC heap before
{Heap before GC invocations=1 (full 0):
 garbage-first heap   total 8192K, used 2357K [0x00000000c5400000, 0x0000000100000000)
  region size 1024K, 2 young (2048K), 1 survivors (1024K)
 Metaspace       used 4566K, committed 4736K, reserved 1056768K
  class space    used 573K, committed 640K, reserved 1048576K
}
Event: 0.541 GC heap after
{Heap after GC invocations=2 (full 0):
 garbage-first heap   total 8192K, used 1903K [0x00000000c5400000, 0x0000000100000000)
  region size 1024K, 1 young (1024K), 1 survivors (1024K)
 Metaspace       used 4566K, committed 4736K, reserved 1056768K
  class space    used 573K, committed 640K, reserved 1048576K
}
Event: 0.639 GC heap before
{Heap before GC invocations=2 (full 0):
 garbage-first heap   total 8192K, used 2927K [0x00000000c5400000, 0x0000000100000000)
  region size 1024K, 2 young (2048K), 1 survivors (1024K)
 Metaspace       used 6397K, committed 6592K, reserved 1064960K
  class space    used 771K, committed 832K, reserved 1048576K
}
Event: 0.641 GC heap after
{Heap after GC invocations=3 (full 0):
 garbage-first heap   total 8192K, used 2386K [0x00000000c5400000, 0x0000000100000000)
  region size 1024K, 1 young (1024K), 1 survivors (1024K)
 Metaspace       used 6397K, committed 6592K, reserved 1064960K
  class space    used 771K, committed 832K, reserved 1048576K
}
Event: 0.807 GC heap before
{Heap before GC invocations=3 (full 0):
 garbage-first heap   total 8192K, used 2386K [0x00000000c5400000, 0x0000000100000000)
  region size 1024K, 2 young (2048K), 1 survivors (1024K)
 Metaspace       used 7681K, committed 7808K, reserved 1064960K
  class space    used 893K, committed 960K, reserved 1048576K
}
Event: 0.809 GC heap after
{Heap after GC invocations=4 (full 0):
 garbage-first heap   total 8192K, used 2667K [0x00000000c5400000, 0x0000000100000000)
  region size 1024K, 1 young (1024K), 1 survivors (1024K)
 Metaspace       used 7681K, committed 7808K, reserved 1064960K
  class space    used 893K, committed 960K, reserved 1048576K
}
Event: 0.948 GC heap before
{Heap before GC invocations=4 (full 0):
 garbage-first heap   total 8192K, used 3691K [0x00000000c5400000, 0x0000000100000000)
  region size 1024K, 2 young (2048K), 1 survivors (1024K)
 Metaspace       used 7842K, committed 8000K, reserved 1064960K
  class space    used 893K, committed 960K, reserved 1048576K
}
Event: 0.950 GC heap after
{Heap after GC invocations=5 (full 0):
 garbage-first heap   total 8192K, used 2857K [0x00000000c5400000, 0x0000000100000000)
  region size 1024K, 1 young (1024K), 1 survivors (1024K)
 Metaspace       used 7842K, committed 8000K, reserved 1064960K
  class space    used 893K, committed 960K, reserved 1048576K
}
Event: 1.085 GC heap before
{Heap before GC invocations=5 (full 0):
 garbage-first heap   total 8192K, used 3881K [0x00000000c5400000, 0x0000000100000000)
  region size 1024K, 2 young (2048K), 1 survivors (1024K)
 Metaspace       used 7895K, committed 8000K, reserved 1064960K
  class space    used 897K, committed 960K, reserved 1048576K
}
Event: 1.087 GC heap after
{Heap after GC invocations=6 (full 0):
 garbage-first heap   total 10240K, used 3050K [0x00000000c5400000, 0x0000000100000000)
  region size 1024K, 1 young (1024K), 1 survivors (1024K)
 Metaspace       used 7895K, committed 8000K, reserved 1064960K
  class space    used 897K, committed 960K, reserved 1048576K
}

Deoptimization events (20 events):
Event: 0.815 Thread 0x000002568e0af030 Uncommon trap: trap_request=0xffffff66 fr.pc=0x000002569d4353f0 relative=0x0000000000000210
Event: 0.815 Thread 0x000002568e0af030 Uncommon trap: reason=speculate_class_check action=maybe_recompile pc=0x000002569d4353f0 method=com.sun.tools.javac.parser.UnicodeReader.accept(C)Z @ 9 c2
Event: 0.815 Thread 0x000002568e0af030 DEOPT PACKING pc=0x000002569d4353f0 sp=0x000000e02d6fe8a0
Event: 0.815 Thread 0x000002568e0af030 DEOPT UNPACKING pc=0x00000256959823a3 sp=0x000000e02d6fe860 mode 2
Event: 0.815 Thread 0x000002568e0af030 Uncommon trap: trap_request=0xffffff66 fr.pc=0x000002569d4353f0 relative=0x0000000000000210
Event: 0.815 Thread 0x000002568e0af030 Uncommon trap: reason=speculate_class_check action=maybe_recompile pc=0x000002569d4353f0 method=com.sun.tools.javac.parser.UnicodeReader.accept(C)Z @ 9 c2
Event: 0.815 Thread 0x000002568e0af030 DEOPT PACKING pc=0x000002569d4353f0 sp=0x000000e02d6fe8a0
Event: 0.815 Thread 0x000002568e0af030 DEOPT UNPACKING pc=0x00000256959823a3 sp=0x000000e02d6fe860 mode 2
Event: 0.815 Thread 0x000002568e0af030 Uncommon trap: trap_request=0xffffff66 fr.pc=0x000002569d4353f0 relative=0x0000000000000210
Event: 0.815 Thread 0x000002568e0af030 Uncommon trap: reason=speculate_class_check action=maybe_recompile pc=0x000002569d4353f0 method=com.sun.tools.javac.parser.UnicodeReader.accept(C)Z @ 9 c2
Event: 0.815 Thread 0x000002568e0af030 DEOPT PACKING pc=0x000002569d4353f0 sp=0x000000e02d6fe8a0
Event: 0.815 Thread 0x000002568e0af030 DEOPT UNPACKING pc=0x00000256959823a3 sp=0x000000e02d6fe860 mode 2
Event: 0.815 Thread 0x000002568e0af030 Uncommon trap: trap_request=0xffffff66 fr.pc=0x000002569d4353f0 relative=0x0000000000000210
Event: 0.815 Thread 0x000002568e0af030 Uncommon trap: reason=speculate_class_check action=maybe_recompile pc=0x000002569d4353f0 method=com.sun.tools.javac.parser.UnicodeReader.accept(C)Z @ 9 c2
Event: 0.815 Thread 0x000002568e0af030 DEOPT PACKING pc=0x000002569d4353f0 sp=0x000000e02d6fe8a0
Event: 0.815 Thread 0x000002568e0af030 DEOPT UNPACKING pc=0x00000256959823a3 sp=0x000000e02d6fe860 mode 2
Event: 0.824 Thread 0x000002568e0af030 Uncommon trap: trap_request=0xffffff45 fr.pc=0x000002569d4347c0 relative=0x0000000000000120
Event: 0.824 Thread 0x000002568e0af030 Uncommon trap: reason=unstable_if action=reinterpret pc=0x000002569d4347c0 method=com.sun.tools.javac.parser.UnicodeReader.nextCodeUnit()V @ 15 c2
Event: 0.824 Thread 0x000002568e0af030 DEOPT PACKING pc=0x000002569d4347c0 sp=0x000000e02d6fe540
Event: 0.824 Thread 0x000002568e0af030 DEOPT UNPACKING pc=0x00000256959823a3 sp=0x000000e02d6fe478 mode 2

Classes unloaded (0 events):
No events

Classes redefined (0 events):
No events

Internal exceptions (16 events):
Event: 0.214 Thread 0x000002568e0af030 Exception <a 'java/lang/NoSuchMethodError'{0x00000000c5ae4048}: 'void java.lang.invoke.DirectMethodHandle$Holder.invokeSpecial(java.lang.Object, java.lang.Object, java.lang.Object)'> (0x00000000c5ae4048) 
thrown [s\open\src\hotspot\share\interpreter\linkResolver.cpp, line 759]
Event: 0.336 Thread 0x000002568e0af030 Exception <a 'java/lang/NoSuchMethodError'{0x00000000c59585c8}: 'java.lang.Object java.lang.invoke.DirectMethodHandle$Holder.invokeVirtual(java.lang.Object, java.lang.Object, java.lang.Object)'> (0x00000000c59585c8) 
thrown [s\open\src\hotspot\share\interpreter\linkResolver.cpp, line 759]
Event: 0.339 Thread 0x000002568e0af030 Exception <a 'java/lang/NoSuchMethodError'{0x00000000c59630b0}: 'int java.lang.invoke.DirectMethodHandle$Holder.invokeInterface(java.lang.Object, java.lang.Object)'> (0x00000000c59630b0) 
thrown [s\open\src\hotspot\share\interpreter\linkResolver.cpp, line 759]
Event: 0.344 Thread 0x000002568e0af030 Exception <a 'sun/nio/fs/WindowsException'{0x00000000c596b0f0}> (0x00000000c596b0f0) 
thrown [s\open\src\hotspot\share\prims\jni.cpp, line 516]
Event: 0.345 Thread 0x000002568e0af030 Exception <a 'sun/nio/fs/WindowsException'{0x00000000c596bba0}> (0x00000000c596bba0) 
thrown [s\open\src\hotspot\share\prims\jni.cpp, line 516]
Event: 0.346 Thread 0x000002568e0af030 Exception <a 'sun/nio/fs/WindowsException'{0x00000000c596ccc0}> (0x00000000c596ccc0) 
thrown [s\open\src\hotspot\share\prims\jni.cpp, line 516]
Event: 0.346 Thread 0x000002568e0af030 Exception <a 'sun/nio/fs/WindowsException'{0x00000000c596d0e0}> (0x00000000c596d0e0) 
thrown [s\open\src\hotspot\share\prims\jni.cpp, line 516]
Event: 0.347 Thread 0x000002568e0af030 Exception <a 'sun/nio/fs/WindowsException'{0x00000000c596f420}> (0x00000000c596f420) 
thrown [s\open\src\hotspot\share\prims\jni.cpp, line 516]
Event: 0.347 Thread 0x000002568e0af030 Exception <a 'sun/nio/fs/WindowsException'{0x00000000c596f678}> (0x00000000c596f678) 
thrown [s\open\src\hotspot\share\prims\jni.cpp, line 516]
Event: 0.362 Thread 0x000002568e0af030 Exception <a 'java/lang/NoSuchMethodError'{0x00000000c59c11a8}: 'int java.lang.invoke.DirectMethodHandle$Holder.invokeVirtual(java.lang.Object, java.lang.Object, java.lang.Object)'> (0x00000000c59c11a8) 
thrown [s\open\src\hotspot\share\interpreter\linkResolver.cpp, line 759]
Event: 0.363 Thread 0x000002568e0af030 Exception <a 'java/lang/NoSuchMethodError'{0x00000000c59c7808}: 'void java.lang.invoke.DirectMethodHandle$Holder.invokeInterface(java.lang.Object, java.lang.Object, java.lang.Object)'> (0x00000000c59c7808) 
thrown [s\open\src\hotspot\share\interpreter\linkResolver.cpp, line 759]
Event: 0.515 Thread 0x000002568e0af030 Exception <a 'java/lang/NoSuchMethodError'{0x00000000c5bdc408}: 'int java.lang.invoke.DirectMethodHandle$Holder.invokeStaticInit(java.lang.Object, java.lang.Object)'> (0x00000000c5bdc408) 
thrown [s\open\src\hotspot\share\interpreter\linkResolver.cpp, line 759]
Event: 0.602 Thread 0x000002568e0af030 Exception <a 'java/lang/NoSuchMethodError'{0x00000000c5b7c828}: 'int java.lang.invoke.DirectMethodHandle$Holder.invokeVirtual(java.lang.Object, java.lang.Object)'> (0x00000000c5b7c828) 
thrown [s\open\src\hotspot\share\interpreter\linkResolver.cpp, line 759]
Event: 0.609 Thread 0x000002568e0af030 Exception <a 'java/lang/NoSuchMethodError'{0x00000000c5ba45a8}: 'java.lang.Object java.lang.invoke.DirectMethodHandle$Holder.newInvokeSpecial(java.lang.Object, java.lang.Object, java.lang.Object, java.lang.Object, java.lang.Object)'> (0x00000000c5ba45a8) 
thrown [s\open\src\hotspot\share\interpreter\linkResolver.cpp, line 759]
Event: 0.612 Thread 0x000002568e0af030 Exception <a 'java/lang/NoSuchMethodError'{0x00000000c5bb3248}: 'java.lang.Object java.lang.invoke.DirectMethodHandle$Holder.newInvokeSpecial(java.lang.Object, java.lang.Object, java.lang.Object, java.lang.Object, java.lang.Object, java.lang.Object)'> (0x00000000c5bb3248) 
thrown [s\open\src\hotspot\share\interpreter\linkResolver.cpp, line 759]
Event: 0.648 Thread 0x000002568e0af030 Exception <a 'java/lang/NoSuchMethodError'{0x00000000c5b0f590}: 'java.lang.Object java.lang.invoke.DirectMethodHandle$Holder.invokeStaticInit(java.lang.Object)'> (0x00000000c5b0f590) 
thrown [s\open\src\hotspot\share\interpreter\linkResolver.cpp, line 759]

VM Operations (20 events):
Event: 0.098 Executing VM operation: HandshakeAllThreads
Event: 0.098 Executing VM operation: HandshakeAllThreads done
Event: 0.218 Executing VM operation: HandshakeAllThreads
Event: 0.218 Executing VM operation: HandshakeAllThreads done
Event: 0.335 Executing VM operation: HandshakeAllThreads
Event: 0.335 Executing VM operation: HandshakeAllThreads done
Event: 0.386 Executing VM operation: G1CollectForAllocation
Event: 0.390 Executing VM operation: G1CollectForAllocation done
Event: 0.538 Executing VM operation: G1CollectForAllocation
Event: 0.541 Executing VM operation: G1CollectForAllocation done
Event: 0.637 Executing VM operation: HandshakeAllThreads
Event: 0.637 Executing VM operation: HandshakeAllThreads done
Event: 0.639 Executing VM operation: G1CollectForAllocation
Event: 0.641 Executing VM operation: G1CollectForAllocation done
Event: 0.807 Executing VM operation: G1CollectForAllocation
Event: 0.809 Executing VM operation: G1CollectForAllocation done
Event: 0.948 Executing VM operation: G1CollectForAllocation
Event: 0.950 Executing VM operation: G1CollectForAllocation done
Event: 1.074 Executing VM operation: G1CollectForAllocation
Event: 1.087 Executing VM operation: G1CollectForAllocation done

Events (20 events):
Event: 0.655 loading class jdk/internal/jrtfs/SystemImage$2 done
Event: 0.655 loading class jdk/internal/jimage/ImageReader$Directory
Event: 0.655 loading class jdk/internal/jimage/ImageReader$Node
Event: 0.655 loading class jdk/internal/jimage/ImageReader$Node done
Event: 0.655 loading class jdk/internal/jimage/ImageReader$Directory done
Event: 0.655 loading class jdk/internal/jrtfs/SystemImage$1
Event: 0.655 loading class jdk/internal/jrtfs/SystemImage$1 done
Event: 0.689 loading class java/net/URLClassLoader$3
Event: 0.689 loading class java/net/URLClassLoader$3 done
Event: 0.689 loading class java/net/URLClassLoader$3$1
Event: 0.689 loading class java/net/URLClassLoader$3$1 done
Event: 0.689 loading class jdk/internal/loader/URLClassPath$FileLoader
Event: 0.689 loading class jdk/internal/loader/URLClassPath$FileLoader done
Event: 0.714 loading class java/util/ServiceConfigurationError
Event: 0.714 loading class java/util/ServiceConfigurationError done
Event: 0.714 loading class java/lang/UnsupportedClassVersionError
Event: 0.714 loading class java/lang/ClassFormatError
Event: 0.714 loading class java/lang/ClassFormatError done
Event: 0.714 loading class java/lang/UnsupportedClassVersionError done
Event: 1.049 Thread 0x00000256aa70b0e0 Thread added: 0x00000256aa70b0e0


Dynamic libraries:
0x00007ff710ba0000 - 0x00007ff710ba8000 	C:\Program Files\Java\jdk-17.0.4.1\bin\javac.exe
0x00007ffb2cf30000 - 0x00007ffb2d126000 	C:\WINDOWS\SYSTEM32\ntdll.dll
0x00007ffb2bdf0000 - 0x00007ffb2bead000 	C:\WINDOWS\System32\KERNEL32.DLL
0x00007ffb2adb0000 - 0x00007ffb2b079000 	C:\WINDOWS\System32\KERNELBASE.dll
0x00007ffb2aaa0000 - 0x00007ffb2aba0000 	C:\WINDOWS\System32\ucrtbase.dll
0x00007ffaf16e0000 - 0x00007ffaf16fa000 	C:\Program Files\Java\jdk-17.0.4.1\bin\VCRUNTIME140.dll
0x00007ffaef7a0000 - 0x00007ffaef7b8000 	C:\Program Files\Java\jdk-17.0.4.1\bin\jli.dll
0x00007ffb2c080000 - 0x00007ffb2c12c000 	C:\WINDOWS\System32\ADVAPI32.dll
0x00007ffb2b0f0000 - 0x00007ffb2b18e000 	C:\WINDOWS\System32\msvcrt.dll
0x00007ffb2b1b0000 - 0x00007ffb2b24c000 	C:\WINDOWS\System32\sechost.dll
0x00007ffb2b850000 - 0x00007ffb2b97b000 	C:\WINDOWS\System32\RPCRT4.dll
0x00007ffb2beb0000 - 0x00007ffb2c050000 	C:\WINDOWS\System32\USER32.dll
0x00007ffb18310000 - 0x00007ffb185ab000 	C:\WINDOWS\WinSxS\amd64_microsoft.windows.common-controls_6595b64144ccf1df_6.0.19041.746_none_ca02b4b61b8320a4\COMCTL32.dll
0x00007ffb2cb00000 - 0x00007ffb2cb2a000 	C:\WINDOWS\System32\GDI32.dll
0x00007ffb2aa70000 - 0x00007ffb2aa92000 	C:\WINDOWS\System32\win32u.dll
0x00007ffb2a8e0000 - 0x00007ffb2a9eb000 	C:\WINDOWS\System32\gdi32full.dll
0x00007ffb2a760000 - 0x00007ffb2a7fd000 	C:\WINDOWS\System32\msvcp_win.dll
0x00007ffb1e400000 - 0x00007ffb1e40a000 	C:\WINDOWS\SYSTEM32\VERSION.dll
0x00007ffb2c050000 - 0x00007ffb2c080000 	C:\WINDOWS\System32\IMM32.DLL
0x00007ffb13a50000 - 0x00007ffb13a5c000 	C:\Program Files\Java\jdk-17.0.4.1\bin\vcruntime140_1.dll
0x00007ffad0690000 - 0x00007ffad071d000 	C:\Program Files\Java\jdk-17.0.4.1\bin\msvcp140.dll
0x00007ffab5ce0000 - 0x00007ffab68a2000 	C:\Program Files\Java\jdk-17.0.4.1\bin\server\jvm.dll
0x00007ffb2ca80000 - 0x00007ffb2ca88000 	C:\WINDOWS\System32\PSAPI.DLL
0x00007ffb157f0000 - 0x00007ffb15817000 	C:\WINDOWS\SYSTEM32\WINMM.dll
0x00007ffb062b0000 - 0x00007ffb062b9000 	C:\WINDOWS\SYSTEM32\WSOCK32.dll
0x00007ffb2b080000 - 0x00007ffb2b0eb000 	C:\WINDOWS\System32\ws2_32.DLL
0x00007ffb29080000 - 0x00007ffb29092000 	C:\WINDOWS\SYSTEM32\kernel.appcore.dll
0x00007ffb13980000 - 0x00007ffb1398a000 	C:\Program Files\Java\jdk-17.0.4.1\bin\jimage.dll
0x00007ffb28d30000 - 0x00007ffb28f14000 	C:\WINDOWS\SYSTEM32\DBGHELP.DLL
0x00007ffb1b510000 - 0x00007ffb1b53c000 	C:\WINDOWS\SYSTEM32\dbgcore.DLL
0x00007ffb2a9f0000 - 0x00007ffb2aa70000 	C:\WINDOWS\System32\bcryptPrimitives.dll
0x00007ffaeec20000 - 0x00007ffaeec45000 	C:\Program Files\Java\jdk-17.0.4.1\bin\java.dll
0x00007ffacaf20000 - 0x00007ffacaff6000 	C:\Program Files\Java\jdk-17.0.4.1\bin\jsvml.dll
0x00007ffb2c260000 - 0x00007ffb2c9a2000 	C:\WINDOWS\System32\SHELL32.dll
0x00007ffb285a0000 - 0x00007ffb28d30000 	C:\WINDOWS\SYSTEM32\windows.storage.dll
0x00007ffb2cb30000 - 0x00007ffb2ce86000 	C:\WINDOWS\System32\combase.dll
0x00007ffb2a0f0000 - 0x00007ffb2a11c000 	C:\WINDOWS\SYSTEM32\Wldp.dll
0x00007ffb2b2b0000 - 0x00007ffb2b35e000 	C:\WINDOWS\System32\SHCORE.dll
0x00007ffb2b250000 - 0x00007ffb2b2a5000 	C:\WINDOWS\System32\shlwapi.dll
0x00007ffb2a690000 - 0x00007ffb2a6b6000 	C:\WINDOWS\SYSTEM32\profapi.dll
0x00007ffaee850000 - 0x00007ffaee869000 	C:\Program Files\Java\jdk-17.0.4.1\bin\net.dll
0x00007ffb25560000 - 0x00007ffb25660000 	C:\WINDOWS\SYSTEM32\WINHTTP.dll
0x00007ffb29e70000 - 0x00007ffb29eda000 	C:\WINDOWS\system32\mswsock.dll
0x00007ffaebe90000 - 0x00007ffaebea6000 	C:\Program Files\Java\jdk-17.0.4.1\bin\nio.dll

dbghelp: loaded successfully - version: 4.0.5 - missing functions: none
symbol engine: initialized successfully - sym options: 0x614 - pdb path: .;C:\Program Files\Java\jdk-17.0.4.1\bin;C:\WINDOWS\SYSTEM32;C:\WINDOWS\WinSxS\amd64_microsoft.windows.common-controls_6595b64144ccf1df_6.0.19041.746_none_ca02b4b61b8320a4;C:\Program Files\Java\jdk-17.0.4.1\bin\server

VM Arguments:
jvm_args: -Dapplication.home=C:\Program Files\Java\jdk-17.0.4.1 --add-modules=ALL-DEFAULT -Xms8m -Djdk.module.main=jdk.compiler 
java_command: jdk.compiler/com.sun.tools.javac.Main @C:\Users\Jhonder\AppData\Local\Temp\files11152472440741268181
java_class_path (initial): <not set>
Launcher Type: SUN_STANDARD

[Global flags]
     intx CICompilerCount                          = 3                                         {product} {ergonomic}
     uint ConcGCThreads                            = 1                                         {product} {ergonomic}
     uint G1ConcRefinementThreads                  = 4                                         {product} {ergonomic}
   size_t G1HeapRegionSize                         = 1048576                                   {product} {ergonomic}
    uintx GCDrainStackTargetSize                   = 64                                        {product} {ergonomic}
   size_t InitialHeapSize                          = 8388608                                   {product} {command line}
   size_t MarkStackSize                            = 4194304                                   {product} {ergonomic}
   size_t MaxHeapSize                              = 985661440                                 {product} {ergonomic}
   size_t MaxNewSize                               = 591396864                                 {product} {ergonomic}
   size_t MinHeapDeltaBytes                        = 1048576                                   {product} {ergonomic}
   size_t MinHeapSize                              = 8388608                                   {product} {command line}
    uintx NonNMethodCodeHeapSize                   = 5832780                                {pd product} {ergonomic}
    uintx NonProfiledCodeHeapSize                  = 122912730                              {pd product} {ergonomic}
    uintx ProfiledCodeHeapSize                     = 122912730                              {pd product} {ergonomic}
    uintx ReservedCodeCacheSize                    = 251658240                              {pd product} {ergonomic}
     bool SegmentedCodeCache                       = true                                      {product} {ergonomic}
   size_t SoftMaxHeapSize                          = 985661440                              {manageable} {ergonomic}
     bool UseCompressedClassPointers               = true                           {product lp64_product} {ergonomic}
     bool UseCompressedOops                        = true                           {product lp64_product} {ergonomic}
     bool UseG1GC                                  = true                                      {product} {ergonomic}
     bool UseLargePagesIndividualAllocation        = false                                  {pd product} {ergonomic}

Logging:
Log output configuration:
 #0: stdout all=warning uptime,level,tags
 #1: stderr all=off uptime,level,tags

Environment Variables:
JAVA_HOME=C:\Program Files\Java\jdk-17.0.4.1
PATH=C:\Program Files\Java\jdk-17.0.4.1\bin;C:\Program Files\Common Files\Oracle\Java\javapath;C:\Program Files (x86)\Common Files\Oracle\Java\javapath;C:\WINDOWS\system32;C:\WINDOWS;C:\WINDOWS\System32\Wbem;C:\WINDOWS\System32\WindowsPowerShell\v1.0\;C:\WINDOWS\System32\OpenSSH\;C:\Program Files\Git\cmd;C:\Users\Jhonder\AppData\Local\Programs\Python\Python311\Scripts\;C:\Users\Jhonder\AppData\Local\Programs\Python\Python311\;C:\Users\Jhonder\AppData\Local\Programs\Python\Python310\Scripts\;C:\Users\Jhonder\AppData\Local\Programs\Python\Python310\;C:\Users\Jhonder\AppData\Local\Microsoft\WindowsApps;;C:\Users\Jhonder\AppData\Local\Programs\Microsoft VS Code\bin
USERNAME=Jhonder
OS=Windows_NT
PROCESSOR_IDENTIFIER=Intel64 Family 6 Model 142 Stepping 9, GenuineIntel



---------------  S Y S T E M  ---------------

OS:
 Windows 10 , 64 bit Build 19041 (10.0.19041.804)
OS uptime: 22 days 3:28 hours

CPU: total 4 (initial active 4) (2 cores per cpu, 2 threads per core) family 6 model 142 stepping 9 microcode 0xd6, cx8, cmov, fxsr, ht, mmx, 3dnowpref, sse, sse2, sse3, ssse3, sse4.1, sse4.2, popcnt, lzcnt, tsc, tscinvbit, avx, avx2, aes, erms, clmul, bmi1, bmi2, adx, fma, vzeroupper, clflush, clflushopt

Memory: 4k page, system-wide physical 3753M (420M free)
TotalPageFile size 15017M (AvailPageFile size 0M)
current process WorkingSet (physical memory assigned to process): 69M, peak: 69M
current process commit charge ("private bytes"): 103M, peak: 103M

vm_info: Java HotSpot(TM) 64-Bit Server VM (17.0.4.1+1-LTS-2) for windows-amd64 JRE (17.0.4.1+1-LTS-2), built on Aug 16 2022 18:32:06 by "mach5one" with MS VC++ 16.8 / 16.9 (VS2019)

END.
